userdetails.UserDetailsApplication-[INFO]- 2024-03-29 10:26:19,302-Starting UserDetailsApplication using Java 17.0.10 with PID 17120 (C:\Users\Mallika Kotyada\Downloads\userdetails\userdetails\target\classes started by Mallika Kotyada in C:\Users\Mallika Kotyada\Downloads\userdetails)-
userdetails.UserDetailsApplication-[DEBUG]- 2024-03-29 10:26:19,317-Running with Spring Boot v3.2.3, Spring v6.1.4-
userdetails.UserDetailsApplication-[INFO]- 2024-03-29 10:26:19,323-No active profile set, falling back to 1 default profile: "default"-
org.springframework.boot.devtools.env.DevToolsPropertyDefaultsPostProcessor-[INFO]- 2024-03-29 10:26:19,435-Devtools property defaults active! Set 'spring.devtools.add-properties' to 'false' to disable-
org.springframework.boot.devtools.env.DevToolsPropertyDefaultsPostProcessor-[INFO]- 2024-03-29 10:26:19,436-For additional web related logging consider setting the 'logging.level.web' property to 'DEBUG'-
org.springframework.data.repository.config.RepositoryConfigurationDelegate-[INFO]- 2024-03-29 10:26:20,845-Multiple Spring Data modules found, entering strict repository configuration mode-
org.springframework.data.repository.config.RepositoryConfigurationDelegate-[INFO]- 2024-03-29 10:26:20,848-Bootstrapping Spring Data JDBC repositories in DEFAULT mode.-
org.springframework.data.repository.config.RepositoryConfigurationExtensionSupport-[INFO]- 2024-03-29 10:26:20,931-Spring Data JDBC - Could not safely identify store assignment for repository candidate interface userdetails.Repos.RoleRepo; If you want this repository to be a JDBC repository, consider annotating your entities with one of these annotations: org.springframework.data.relational.core.mapping.Table.-
org.springframework.data.repository.config.RepositoryConfigurationExtensionSupport-[INFO]- 2024-03-29 10:26:20,934-Spring Data JDBC - Could not safely identify store assignment for repository candidate interface userdetails.Repos.UserRepo; If you want this repository to be a JDBC repository, consider annotating your entities with one of these annotations: org.springframework.data.relational.core.mapping.Table.-
org.springframework.data.repository.config.RepositoryConfigurationDelegate-[INFO]- 2024-03-29 10:26:20,936-Finished Spring Data repository scanning in 72 ms. Found 0 JDBC repository interfaces.-
org.springframework.data.repository.config.RepositoryConfigurationDelegate-[INFO]- 2024-03-29 10:26:20,967-Multiple Spring Data modules found, entering strict repository configuration mode-
org.springframework.data.repository.config.RepositoryConfigurationDelegate-[INFO]- 2024-03-29 10:26:20,973-Bootstrapping Spring Data JPA repositories in DEFAULT mode.-
org.springframework.data.repository.config.RepositoryConfigurationDelegate-[INFO]- 2024-03-29 10:26:21,070-Finished Spring Data repository scanning in 81 ms. Found 2 JPA repository interfaces.-
org.springframework.boot.web.embedded.tomcat.TomcatWebServer-[INFO]- 2024-03-29 10:26:22,228-Tomcat initialized with port 2222 (http)-
org.apache.catalina.core.StandardService-[INFO]- 2024-03-29 10:26:22,255-Starting service [Tomcat]-
org.apache.catalina.core.StandardEngine-[INFO]- 2024-03-29 10:26:22,256-Starting Servlet engine: [Apache Tomcat/10.1.19]-
org.apache.catalina.core.ContainerBase.[Tomcat].[localhost].[/]-[INFO]- 2024-03-29 10:26:22,380-Initializing Spring embedded WebApplicationContext-
org.springframework.boot.web.servlet.context.ServletWebServerApplicationContext-[INFO]- 2024-03-29 10:26:22,381-Root WebApplicationContext: initialization completed in 2943 ms-
com.zaxxer.hikari.HikariDataSource-[INFO]- 2024-03-29 10:26:22,453-HikariPool-1 - Starting...-
com.zaxxer.hikari.pool.HikariPool-[INFO]- 2024-03-29 10:26:22,823-HikariPool-1 - Added connection conn0: url=jdbc:h2:mem:lms user=SA-
com.zaxxer.hikari.HikariDataSource-[INFO]- 2024-03-29 10:26:22,826-HikariPool-1 - Start completed.-
org.springframework.boot.autoconfigure.h2.H2ConsoleAutoConfiguration-[INFO]- 2024-03-29 10:26:22,851-H2 console available at '/h2-console'. Database available at 'jdbc:h2:mem:lms'-
org.hibernate.jpa.internal.util.LogHelper-[INFO]- 2024-03-29 10:26:23,149-HHH000204: Processing PersistenceUnitInfo [name: default]-
org.hibernate.Version-[INFO]- 2024-03-29 10:26:23,321-HHH000412: Hibernate ORM core version 6.4.4.Final-
org.hibernate.cache.internal.RegionFactoryInitiator-[INFO]- 2024-03-29 10:26:23,419-HHH000026: Second-level cache disabled-
org.springframework.orm.jpa.persistenceunit.SpringPersistenceUnitInfo-[INFO]- 2024-03-29 10:26:23,936-No LoadTimeWeaver setup: ignoring JPA class transformer-
org.hibernate.dialect.Dialect-[WARN]- 2024-03-29 10:26:24,036-HHH000511: The 2.2.0 version for [org.hibernate.dialect.SQLServerDialect] is no longer supported, hence certain features may not work properly. The minimum supported version is 11.0.0. Check the community dialects project for available legacy versions.-
org.hibernate.orm.deprecation-[WARN]- 2024-03-29 10:26:24,043-HHH90000025: SQLServerDialect does not need to be specified explicitly using 'hibernate.dialect' (remove the property setting and it will be selected by default)-
org.hibernate.engine.transaction.jta.platform.internal.JtaPlatformInitiator-[INFO]- 2024-03-29 10:26:25,109-HHH000489: No JTA platform available (set 'hibernate.transaction.jta.platform' to enable JTA platform integration)-
org.hibernate.tool.schema.internal.ExceptionHandlerLoggedImpl-[WARN]- 2024-03-29 10:26:25,179-GenerationTarget encountered exception accepting command : Error executing DDL "
    alter table roles 
       add constraint FKonfbx7vfo45dlbom62oyxfvay 
       foreign key (user_userid) 
       references users" via JDBC [Column "USER_USERID" not found;]-
org.hibernate.tool.schema.spi.CommandAcceptanceException: Error executing DDL "
    alter table roles 
       add constraint FKonfbx7vfo45dlbom62oyxfvay 
       foreign key (user_userid) 
       references users" via JDBC [Column "USER_USERID" not found;]
	at org.hibernate.tool.schema.internal.exec.GenerationTargetToDatabase.accept(GenerationTargetToDatabase.java:94)
	at org.hibernate.tool.schema.internal.AbstractSchemaMigrator.applySqlString(AbstractSchemaMigrator.java:574)
	at org.hibernate.tool.schema.internal.AbstractSchemaMigrator.applySqlStrings(AbstractSchemaMigrator.java:514)
	at org.hibernate.tool.schema.internal.AbstractSchemaMigrator.applyForeignKeys(AbstractSchemaMigrator.java:446)
	at org.hibernate.tool.schema.internal.AbstractSchemaMigrator.performMigration(AbstractSchemaMigrator.java:268)
	at org.hibernate.tool.schema.internal.AbstractSchemaMigrator.doMigration(AbstractSchemaMigrator.java:117)
	at org.hibernate.tool.schema.spi.SchemaManagementToolCoordinator.performDatabaseAction(SchemaManagementToolCoordinator.java:286)
	at org.hibernate.tool.schema.spi.SchemaManagementToolCoordinator.lambda$process$5(SchemaManagementToolCoordinator.java:145)
	at java.base/java.util.HashMap.forEach(Unknown Source)
	at org.hibernate.tool.schema.spi.SchemaManagementToolCoordinator.process(SchemaManagementToolCoordinator.java:142)
	at org.hibernate.boot.internal.SessionFactoryObserverForSchemaExport.sessionFactoryCreated(SessionFactoryObserverForSchemaExport.java:37)
	at org.hibernate.internal.SessionFactoryObserverChain.sessionFactoryCreated(SessionFactoryObserverChain.java:35)
	at org.hibernate.internal.SessionFactoryImpl.<init>(SessionFactoryImpl.java:315)
	at org.hibernate.boot.internal.SessionFactoryBuilderImpl.build(SessionFactoryBuilderImpl.java:450)
	at org.hibernate.jpa.boot.internal.EntityManagerFactoryBuilderImpl.build(EntityManagerFactoryBuilderImpl.java:1507)
	at org.springframework.orm.jpa.vendor.SpringHibernateJpaPersistenceProvider.createContainerEntityManagerFactory(SpringHibernateJpaPersistenceProvider.java:75)
	at org.springframework.orm.jpa.LocalContainerEntityManagerFactoryBean.createNativeEntityManagerFactory(LocalContainerEntityManagerFactoryBean.java:388)
	at org.springframework.orm.jpa.AbstractEntityManagerFactoryBean.buildNativeEntityManagerFactory(AbstractEntityManagerFactoryBean.java:409)
	at org.springframework.orm.jpa.AbstractEntityManagerFactoryBean.afterPropertiesSet(AbstractEntityManagerFactoryBean.java:396)
	at org.springframework.orm.jpa.LocalContainerEntityManagerFactoryBean.afterPropertiesSet(LocalContainerEntityManagerFactoryBean.java:364)
	at org.springframework.beans.factory.support.AbstractAutowireCapableBeanFactory.invokeInitMethods(AbstractAutowireCapableBeanFactory.java:1833)
	at org.springframework.beans.factory.support.AbstractAutowireCapableBeanFactory.initializeBean(AbstractAutowireCapableBeanFactory.java:1782)
	at org.springframework.beans.factory.support.AbstractAutowireCapableBeanFactory.doCreateBean(AbstractAutowireCapableBeanFactory.java:600)
	at org.springframework.beans.factory.support.AbstractAutowireCapableBeanFactory.createBean(AbstractAutowireCapableBeanFactory.java:522)
	at org.springframework.beans.factory.support.AbstractBeanFactory.lambda$doGetBean$0(AbstractBeanFactory.java:325)
	at org.springframework.beans.factory.support.DefaultSingletonBeanRegistry.getSingleton(DefaultSingletonBeanRegistry.java:234)
	at org.springframework.beans.factory.support.AbstractBeanFactory.doGetBean(AbstractBeanFactory.java:323)
	at org.springframework.beans.factory.support.AbstractBeanFactory.getBean(AbstractBeanFactory.java:199)
	at org.springframework.context.support.AbstractApplicationContext.getBean(AbstractApplicationContext.java:1231)
	at org.springframework.context.support.AbstractApplicationContext.finishBeanFactoryInitialization(AbstractApplicationContext.java:949)
	at org.springframework.context.support.AbstractApplicationContext.refresh(AbstractApplicationContext.java:624)
	at org.springframework.boot.web.servlet.context.ServletWebServerApplicationContext.refresh(ServletWebServerApplicationContext.java:146)
	at org.springframework.boot.SpringApplication.refresh(SpringApplication.java:754)
	at org.springframework.boot.SpringApplication.refreshContext(SpringApplication.java:456)
	at org.springframework.boot.SpringApplication.run(SpringApplication.java:334)
	at org.springframework.boot.SpringApplication.run(SpringApplication.java:1354)
	at org.springframework.boot.SpringApplication.run(SpringApplication.java:1343)
	at userdetails.UserDetailsApplication.main(UserDetailsApplication.java:28)
	at java.base/jdk.internal.reflect.NativeMethodAccessorImpl.invoke0(Native Method)
	at java.base/jdk.internal.reflect.NativeMethodAccessorImpl.invoke(Unknown Source)
	at java.base/jdk.internal.reflect.DelegatingMethodAccessorImpl.invoke(Unknown Source)
	at java.base/java.lang.reflect.Method.invoke(Unknown Source)
	at org.springframework.boot.devtools.restart.RestartLauncher.run(RestartLauncher.java:50)
Caused by: org.h2.jdbc.JdbcSQLSyntaxErrorException: Column "USER_USERID" not found; SQL statement:

    alter table roles 
       add constraint FKonfbx7vfo45dlbom62oyxfvay 
       foreign key (user_userid) 
       references [42122-224]
	at org.h2.message.DbException.getJdbcSQLException(DbException.java:514)
	at org.h2.message.DbException.getJdbcSQLException(DbException.java:489)
	at org.h2.message.DbException.get(DbException.java:223)
	at org.h2.message.DbException.get(DbException.java:199)
	at org.h2.table.Table.getColumn(Table.java:759)
	at org.h2.table.IndexColumn.mapColumns(IndexColumn.java:184)
	at org.h2.command.ddl.AlterTableAddConstraint.tryUpdate(AlterTableAddConstraint.java:215)
	at org.h2.command.ddl.AlterTableAddConstraint.update(AlterTableAddConstraint.java:74)
	at org.h2.command.ddl.AlterTable.update(AlterTable.java:46)
	at org.h2.command.CommandContainer.update(CommandContainer.java:169)
	at org.h2.command.Command.executeUpdate(Command.java:256)
	at org.h2.jdbc.JdbcStatement.executeInternal(JdbcStatement.java:262)
	at org.h2.jdbc.JdbcStatement.execute(JdbcStatement.java:231)
	at com.zaxxer.hikari.pool.ProxyStatement.execute(ProxyStatement.java:94)
	at com.zaxxer.hikari.pool.HikariProxyStatement.execute(HikariProxyStatement.java)
	at org.hibernate.tool.schema.internal.exec.GenerationTargetToDatabase.accept(GenerationTargetToDatabase.java:80)
	... 42 common frames omitted
org.springframework.orm.jpa.LocalContainerEntityManagerFactoryBean-[INFO]- 2024-03-29 10:26:25,219-Initialized JPA EntityManagerFactory for persistence unit 'default'-
org.springframework.boot.autoconfigure.orm.jpa.JpaBaseConfiguration$JpaWebConfiguration-[WARN]- 2024-03-29 10:26:25,755-spring.jpa.open-in-view is enabled by default. Therefore, database queries may be performed during view rendering. Explicitly configure spring.jpa.open-in-view to disable this warning-
org.springframework.boot.devtools.autoconfigure.OptionalLiveReloadServer-[INFO]- 2024-03-29 10:26:26,569-LiveReload server is running on port 35729-
org.springframework.boot.web.embedded.tomcat.TomcatWebServer-[INFO]- 2024-03-29 10:26:26,646-Tomcat started on port 2222 (http) with context path ''-
userdetails.UserDetailsApplication-[INFO]- 2024-03-29 10:26:26,661-Started UserDetailsApplication in 7.882 seconds (process running for 8.809)-
userdetails.UserDetailsApplication-[INFO]- 2024-03-29 10:27:49,528-Starting UserDetailsApplication using Java 17.0.10 with PID 21908 (C:\Users\Mallika Kotyada\Downloads\userdetails\userdetails\target\classes started by Mallika Kotyada in C:\Users\Mallika Kotyada\Downloads\userdetails)-
userdetails.UserDetailsApplication-[DEBUG]- 2024-03-29 10:27:49,532-Running with Spring Boot v3.2.3, Spring v6.1.4-
userdetails.UserDetailsApplication-[INFO]- 2024-03-29 10:27:49,535-No active profile set, falling back to 1 default profile: "default"-
org.springframework.boot.devtools.env.DevToolsPropertyDefaultsPostProcessor-[INFO]- 2024-03-29 10:27:49,644-Devtools property defaults active! Set 'spring.devtools.add-properties' to 'false' to disable-
org.springframework.boot.devtools.env.DevToolsPropertyDefaultsPostProcessor-[INFO]- 2024-03-29 10:27:49,645-For additional web related logging consider setting the 'logging.level.web' property to 'DEBUG'-
org.springframework.data.repository.config.RepositoryConfigurationDelegate-[INFO]- 2024-03-29 10:27:51,100-Multiple Spring Data modules found, entering strict repository configuration mode-
org.springframework.data.repository.config.RepositoryConfigurationDelegate-[INFO]- 2024-03-29 10:27:51,103-Bootstrapping Spring Data JDBC repositories in DEFAULT mode.-
org.springframework.data.repository.config.RepositoryConfigurationExtensionSupport-[INFO]- 2024-03-29 10:27:51,165-Spring Data JDBC - Could not safely identify store assignment for repository candidate interface userdetails.Repos.RoleRepo; If you want this repository to be a JDBC repository, consider annotating your entities with one of these annotations: org.springframework.data.relational.core.mapping.Table.-
org.springframework.data.repository.config.RepositoryConfigurationExtensionSupport-[INFO]- 2024-03-29 10:27:51,170-Spring Data JDBC - Could not safely identify store assignment for repository candidate interface userdetails.Repos.UserRepo; If you want this repository to be a JDBC repository, consider annotating your entities with one of these annotations: org.springframework.data.relational.core.mapping.Table.-
org.springframework.data.repository.config.RepositoryConfigurationDelegate-[INFO]- 2024-03-29 10:27:51,173-Finished Spring Data repository scanning in 60 ms. Found 0 JDBC repository interfaces.-
org.springframework.data.repository.config.RepositoryConfigurationDelegate-[INFO]- 2024-03-29 10:27:51,197-Multiple Spring Data modules found, entering strict repository configuration mode-
org.springframework.data.repository.config.RepositoryConfigurationDelegate-[INFO]- 2024-03-29 10:27:51,199-Bootstrapping Spring Data JPA repositories in DEFAULT mode.-
org.springframework.data.repository.config.RepositoryConfigurationDelegate-[INFO]- 2024-03-29 10:27:51,266-Finished Spring Data repository scanning in 53 ms. Found 2 JPA repository interfaces.-
org.springframework.boot.web.embedded.tomcat.TomcatWebServer-[INFO]- 2024-03-29 10:27:52,384-Tomcat initialized with port 2222 (http)-
org.apache.catalina.core.StandardService-[INFO]- 2024-03-29 10:27:52,410-Starting service [Tomcat]-
org.apache.catalina.core.StandardEngine-[INFO]- 2024-03-29 10:27:52,411-Starting Servlet engine: [Apache Tomcat/10.1.19]-
org.apache.catalina.core.ContainerBase.[Tomcat].[localhost].[/]-[INFO]- 2024-03-29 10:27:52,539-Initializing Spring embedded WebApplicationContext-
org.springframework.boot.web.servlet.context.ServletWebServerApplicationContext-[INFO]- 2024-03-29 10:27:52,540-Root WebApplicationContext: initialization completed in 2893 ms-
com.zaxxer.hikari.HikariDataSource-[INFO]- 2024-03-29 10:27:52,624-HikariPool-1 - Starting...-
com.zaxxer.hikari.pool.HikariPool-[INFO]- 2024-03-29 10:27:52,980-HikariPool-1 - Added connection conn0: url=jdbc:h2:mem:lms user=SA-
com.zaxxer.hikari.HikariDataSource-[INFO]- 2024-03-29 10:27:52,982-HikariPool-1 - Start completed.-
org.springframework.boot.autoconfigure.h2.H2ConsoleAutoConfiguration-[INFO]- 2024-03-29 10:27:53,006-H2 console available at '/h2-console'. Database available at 'jdbc:h2:mem:lms'-
org.hibernate.jpa.internal.util.LogHelper-[INFO]- 2024-03-29 10:27:53,329-HHH000204: Processing PersistenceUnitInfo [name: default]-
org.hibernate.Version-[INFO]- 2024-03-29 10:27:53,446-HHH000412: Hibernate ORM core version 6.4.4.Final-
org.hibernate.cache.internal.RegionFactoryInitiator-[INFO]- 2024-03-29 10:27:53,535-HHH000026: Second-level cache disabled-
org.springframework.orm.jpa.persistenceunit.SpringPersistenceUnitInfo-[INFO]- 2024-03-29 10:27:54,020-No LoadTimeWeaver setup: ignoring JPA class transformer-
org.hibernate.dialect.Dialect-[WARN]- 2024-03-29 10:27:54,102-HHH000511: The 2.2.0 version for [org.hibernate.dialect.SQLServerDialect] is no longer supported, hence certain features may not work properly. The minimum supported version is 11.0.0. Check the community dialects project for available legacy versions.-
org.hibernate.orm.deprecation-[WARN]- 2024-03-29 10:27:54,109-HHH90000025: SQLServerDialect does not need to be specified explicitly using 'hibernate.dialect' (remove the property setting and it will be selected by default)-
org.hibernate.engine.transaction.jta.platform.internal.JtaPlatformInitiator-[INFO]- 2024-03-29 10:27:55,467-HHH000489: No JTA platform available (set 'hibernate.transaction.jta.platform' to enable JTA platform integration)-
org.hibernate.tool.schema.internal.ExceptionHandlerLoggedImpl-[WARN]- 2024-03-29 10:27:55,529-GenerationTarget encountered exception accepting command : Error executing DDL "
    alter table roles 
       add constraint FKonfbx7vfo45dlbom62oyxfvay 
       foreign key (user_userid) 
       references users" via JDBC [Column "USER_USERID" not found;]-
org.hibernate.tool.schema.spi.CommandAcceptanceException: Error executing DDL "
    alter table roles 
       add constraint FKonfbx7vfo45dlbom62oyxfvay 
       foreign key (user_userid) 
       references users" via JDBC [Column "USER_USERID" not found;]
	at org.hibernate.tool.schema.internal.exec.GenerationTargetToDatabase.accept(GenerationTargetToDatabase.java:94)
	at org.hibernate.tool.schema.internal.AbstractSchemaMigrator.applySqlString(AbstractSchemaMigrator.java:574)
	at org.hibernate.tool.schema.internal.AbstractSchemaMigrator.applySqlStrings(AbstractSchemaMigrator.java:514)
	at org.hibernate.tool.schema.internal.AbstractSchemaMigrator.applyForeignKeys(AbstractSchemaMigrator.java:446)
	at org.hibernate.tool.schema.internal.AbstractSchemaMigrator.performMigration(AbstractSchemaMigrator.java:268)
	at org.hibernate.tool.schema.internal.AbstractSchemaMigrator.doMigration(AbstractSchemaMigrator.java:117)
	at org.hibernate.tool.schema.spi.SchemaManagementToolCoordinator.performDatabaseAction(SchemaManagementToolCoordinator.java:286)
	at org.hibernate.tool.schema.spi.SchemaManagementToolCoordinator.lambda$process$5(SchemaManagementToolCoordinator.java:145)
	at java.base/java.util.HashMap.forEach(Unknown Source)
	at org.hibernate.tool.schema.spi.SchemaManagementToolCoordinator.process(SchemaManagementToolCoordinator.java:142)
	at org.hibernate.boot.internal.SessionFactoryObserverForSchemaExport.sessionFactoryCreated(SessionFactoryObserverForSchemaExport.java:37)
	at org.hibernate.internal.SessionFactoryObserverChain.sessionFactoryCreated(SessionFactoryObserverChain.java:35)
	at org.hibernate.internal.SessionFactoryImpl.<init>(SessionFactoryImpl.java:315)
	at org.hibernate.boot.internal.SessionFactoryBuilderImpl.build(SessionFactoryBuilderImpl.java:450)
	at org.hibernate.jpa.boot.internal.EntityManagerFactoryBuilderImpl.build(EntityManagerFactoryBuilderImpl.java:1507)
	at org.springframework.orm.jpa.vendor.SpringHibernateJpaPersistenceProvider.createContainerEntityManagerFactory(SpringHibernateJpaPersistenceProvider.java:75)
	at org.springframework.orm.jpa.LocalContainerEntityManagerFactoryBean.createNativeEntityManagerFactory(LocalContainerEntityManagerFactoryBean.java:388)
	at org.springframework.orm.jpa.AbstractEntityManagerFactoryBean.buildNativeEntityManagerFactory(AbstractEntityManagerFactoryBean.java:409)
	at org.springframework.orm.jpa.AbstractEntityManagerFactoryBean.afterPropertiesSet(AbstractEntityManagerFactoryBean.java:396)
	at org.springframework.orm.jpa.LocalContainerEntityManagerFactoryBean.afterPropertiesSet(LocalContainerEntityManagerFactoryBean.java:364)
	at org.springframework.beans.factory.support.AbstractAutowireCapableBeanFactory.invokeInitMethods(AbstractAutowireCapableBeanFactory.java:1833)
	at org.springframework.beans.factory.support.AbstractAutowireCapableBeanFactory.initializeBean(AbstractAutowireCapableBeanFactory.java:1782)
	at org.springframework.beans.factory.support.AbstractAutowireCapableBeanFactory.doCreateBean(AbstractAutowireCapableBeanFactory.java:600)
	at org.springframework.beans.factory.support.AbstractAutowireCapableBeanFactory.createBean(AbstractAutowireCapableBeanFactory.java:522)
	at org.springframework.beans.factory.support.AbstractBeanFactory.lambda$doGetBean$0(AbstractBeanFactory.java:325)
	at org.springframework.beans.factory.support.DefaultSingletonBeanRegistry.getSingleton(DefaultSingletonBeanRegistry.java:234)
	at org.springframework.beans.factory.support.AbstractBeanFactory.doGetBean(AbstractBeanFactory.java:323)
	at org.springframework.beans.factory.support.AbstractBeanFactory.getBean(AbstractBeanFactory.java:199)
	at org.springframework.context.support.AbstractApplicationContext.getBean(AbstractApplicationContext.java:1231)
	at org.springframework.context.support.AbstractApplicationContext.finishBeanFactoryInitialization(AbstractApplicationContext.java:949)
	at org.springframework.context.support.AbstractApplicationContext.refresh(AbstractApplicationContext.java:624)
	at org.springframework.boot.web.servlet.context.ServletWebServerApplicationContext.refresh(ServletWebServerApplicationContext.java:146)
	at org.springframework.boot.SpringApplication.refresh(SpringApplication.java:754)
	at org.springframework.boot.SpringApplication.refreshContext(SpringApplication.java:456)
	at org.springframework.boot.SpringApplication.run(SpringApplication.java:334)
	at org.springframework.boot.SpringApplication.run(SpringApplication.java:1354)
	at org.springframework.boot.SpringApplication.run(SpringApplication.java:1343)
	at userdetails.UserDetailsApplication.main(UserDetailsApplication.java:28)
	at java.base/jdk.internal.reflect.NativeMethodAccessorImpl.invoke0(Native Method)
	at java.base/jdk.internal.reflect.NativeMethodAccessorImpl.invoke(Unknown Source)
	at java.base/jdk.internal.reflect.DelegatingMethodAccessorImpl.invoke(Unknown Source)
	at java.base/java.lang.reflect.Method.invoke(Unknown Source)
	at org.springframework.boot.devtools.restart.RestartLauncher.run(RestartLauncher.java:50)
Caused by: org.h2.jdbc.JdbcSQLSyntaxErrorException: Column "USER_USERID" not found; SQL statement:

    alter table roles 
       add constraint FKonfbx7vfo45dlbom62oyxfvay 
       foreign key (user_userid) 
       references [42122-224]
	at org.h2.message.DbException.getJdbcSQLException(DbException.java:514)
	at org.h2.message.DbException.getJdbcSQLException(DbException.java:489)
	at org.h2.message.DbException.get(DbException.java:223)
	at org.h2.message.DbException.get(DbException.java:199)
	at org.h2.table.Table.getColumn(Table.java:759)
	at org.h2.table.IndexColumn.mapColumns(IndexColumn.java:184)
	at org.h2.command.ddl.AlterTableAddConstraint.tryUpdate(AlterTableAddConstraint.java:215)
	at org.h2.command.ddl.AlterTableAddConstraint.update(AlterTableAddConstraint.java:74)
	at org.h2.command.ddl.AlterTable.update(AlterTable.java:46)
	at org.h2.command.CommandContainer.update(CommandContainer.java:169)
	at org.h2.command.Command.executeUpdate(Command.java:256)
	at org.h2.jdbc.JdbcStatement.executeInternal(JdbcStatement.java:262)
	at org.h2.jdbc.JdbcStatement.execute(JdbcStatement.java:231)
	at com.zaxxer.hikari.pool.ProxyStatement.execute(ProxyStatement.java:94)
	at com.zaxxer.hikari.pool.HikariProxyStatement.execute(HikariProxyStatement.java)
	at org.hibernate.tool.schema.internal.exec.GenerationTargetToDatabase.accept(GenerationTargetToDatabase.java:80)
	... 42 common frames omitted
org.springframework.orm.jpa.LocalContainerEntityManagerFactoryBean-[INFO]- 2024-03-29 10:27:55,563-Initialized JPA EntityManagerFactory for persistence unit 'default'-
org.springframework.boot.autoconfigure.orm.jpa.JpaBaseConfiguration$JpaWebConfiguration-[WARN]- 2024-03-29 10:27:56,199-spring.jpa.open-in-view is enabled by default. Therefore, database queries may be performed during view rendering. Explicitly configure spring.jpa.open-in-view to disable this warning-
org.springframework.boot.devtools.autoconfigure.OptionalLiveReloadServer-[INFO]- 2024-03-29 10:27:57,110-LiveReload server is running on port 35729-
org.springframework.boot.web.embedded.tomcat.TomcatWebServer-[INFO]- 2024-03-29 10:27:57,167-Tomcat started on port 2222 (http) with context path ''-
userdetails.UserDetailsApplication-[INFO]- 2024-03-29 10:27:57,187-Started UserDetailsApplication in 8.236 seconds (process running for 8.81)-
userdetails.UserDetailsApplication-[INFO]- 2024-03-29 10:29:02,014-Starting UserDetailsApplication using Java 17.0.10 with PID 21452 (C:\Users\Mallika Kotyada\Downloads\userdetails\userdetails\target\classes started by Mallika Kotyada in C:\Users\Mallika Kotyada\Downloads\userdetails)-
userdetails.UserDetailsApplication-[DEBUG]- 2024-03-29 10:29:02,018-Running with Spring Boot v3.2.3, Spring v6.1.4-
userdetails.UserDetailsApplication-[INFO]- 2024-03-29 10:29:02,019-No active profile set, falling back to 1 default profile: "default"-
org.springframework.boot.devtools.env.DevToolsPropertyDefaultsPostProcessor-[INFO]- 2024-03-29 10:29:02,122-Devtools property defaults active! Set 'spring.devtools.add-properties' to 'false' to disable-
org.springframework.boot.devtools.env.DevToolsPropertyDefaultsPostProcessor-[INFO]- 2024-03-29 10:29:02,123-For additional web related logging consider setting the 'logging.level.web' property to 'DEBUG'-
org.springframework.data.repository.config.RepositoryConfigurationDelegate-[INFO]- 2024-03-29 10:29:03,349-Multiple Spring Data modules found, entering strict repository configuration mode-
org.springframework.data.repository.config.RepositoryConfigurationDelegate-[INFO]- 2024-03-29 10:29:03,352-Bootstrapping Spring Data JDBC repositories in DEFAULT mode.-
org.springframework.data.repository.config.RepositoryConfigurationExtensionSupport-[INFO]- 2024-03-29 10:29:03,404-Spring Data JDBC - Could not safely identify store assignment for repository candidate interface userdetails.Repos.RoleRepo; If you want this repository to be a JDBC repository, consider annotating your entities with one of these annotations: org.springframework.data.relational.core.mapping.Table.-
org.springframework.data.repository.config.RepositoryConfigurationExtensionSupport-[INFO]- 2024-03-29 10:29:03,407-Spring Data JDBC - Could not safely identify store assignment for repository candidate interface userdetails.Repos.UserRepo; If you want this repository to be a JDBC repository, consider annotating your entities with one of these annotations: org.springframework.data.relational.core.mapping.Table.-
org.springframework.data.repository.config.RepositoryConfigurationDelegate-[INFO]- 2024-03-29 10:29:03,409-Finished Spring Data repository scanning in 48 ms. Found 0 JDBC repository interfaces.-
org.springframework.data.repository.config.RepositoryConfigurationDelegate-[INFO]- 2024-03-29 10:29:03,436-Multiple Spring Data modules found, entering strict repository configuration mode-
org.springframework.data.repository.config.RepositoryConfigurationDelegate-[INFO]- 2024-03-29 10:29:03,439-Bootstrapping Spring Data JPA repositories in DEFAULT mode.-
org.springframework.data.repository.config.RepositoryConfigurationDelegate-[INFO]- 2024-03-29 10:29:03,493-Finished Spring Data repository scanning in 46 ms. Found 2 JPA repository interfaces.-
org.springframework.boot.web.embedded.tomcat.TomcatWebServer-[INFO]- 2024-03-29 10:29:04,687-Tomcat initialized with port 2222 (http)-
org.apache.catalina.core.StandardService-[INFO]- 2024-03-29 10:29:04,710-Starting service [Tomcat]-
org.apache.catalina.core.StandardEngine-[INFO]- 2024-03-29 10:29:04,711-Starting Servlet engine: [Apache Tomcat/10.1.19]-
org.apache.catalina.core.ContainerBase.[Tomcat].[localhost].[/]-[INFO]- 2024-03-29 10:29:04,803-Initializing Spring embedded WebApplicationContext-
org.springframework.boot.web.servlet.context.ServletWebServerApplicationContext-[INFO]- 2024-03-29 10:29:04,804-Root WebApplicationContext: initialization completed in 2679 ms-
com.zaxxer.hikari.HikariDataSource-[INFO]- 2024-03-29 10:29:04,873-HikariPool-1 - Starting...-
com.zaxxer.hikari.pool.HikariPool-[INFO]- 2024-03-29 10:29:05,238-HikariPool-1 - Added connection conn0: url=jdbc:h2:mem:lms user=SA-
com.zaxxer.hikari.HikariDataSource-[INFO]- 2024-03-29 10:29:05,242-HikariPool-1 - Start completed.-
org.springframework.boot.autoconfigure.h2.H2ConsoleAutoConfiguration-[INFO]- 2024-03-29 10:29:05,263-H2 console available at '/h2-console'. Database available at 'jdbc:h2:mem:lms'-
org.hibernate.jpa.internal.util.LogHelper-[INFO]- 2024-03-29 10:29:05,541-HHH000204: Processing PersistenceUnitInfo [name: default]-
org.hibernate.Version-[INFO]- 2024-03-29 10:29:05,662-HHH000412: Hibernate ORM core version 6.4.4.Final-
org.hibernate.cache.internal.RegionFactoryInitiator-[INFO]- 2024-03-29 10:29:05,735-HHH000026: Second-level cache disabled-
org.springframework.orm.jpa.persistenceunit.SpringPersistenceUnitInfo-[INFO]- 2024-03-29 10:29:06,224-No LoadTimeWeaver setup: ignoring JPA class transformer-
org.hibernate.dialect.Dialect-[WARN]- 2024-03-29 10:29:06,324-HHH000511: The 2.2.0 version for [org.hibernate.dialect.SQLServerDialect] is no longer supported, hence certain features may not work properly. The minimum supported version is 11.0.0. Check the community dialects project for available legacy versions.-
org.hibernate.orm.deprecation-[WARN]- 2024-03-29 10:29:06,332-HHH90000025: SQLServerDialect does not need to be specified explicitly using 'hibernate.dialect' (remove the property setting and it will be selected by default)-
org.hibernate.engine.transaction.jta.platform.internal.JtaPlatformInitiator-[INFO]- 2024-03-29 10:29:07,477-HHH000489: No JTA platform available (set 'hibernate.transaction.jta.platform' to enable JTA platform integration)-
org.springframework.orm.jpa.LocalContainerEntityManagerFactoryBean-[INFO]- 2024-03-29 10:29:07,529-Initialized JPA EntityManagerFactory for persistence unit 'default'-
org.springframework.boot.autoconfigure.orm.jpa.JpaBaseConfiguration$JpaWebConfiguration-[WARN]- 2024-03-29 10:29:08,047-spring.jpa.open-in-view is enabled by default. Therefore, database queries may be performed during view rendering. Explicitly configure spring.jpa.open-in-view to disable this warning-
org.springframework.boot.devtools.autoconfigure.OptionalLiveReloadServer-[INFO]- 2024-03-29 10:29:08,802-LiveReload server is running on port 35729-
org.springframework.boot.web.embedded.tomcat.TomcatWebServer-[INFO]- 2024-03-29 10:29:08,854-Tomcat started on port 2222 (http) with context path ''-
userdetails.UserDetailsApplication-[INFO]- 2024-03-29 10:29:08,871-Started UserDetailsApplication in 7.35 seconds (process running for 7.869)-
userdetails.UserDetailsApplication-[INFO]- 2024-03-29 10:43:39,603-Starting UserDetailsApplication using Java 17.0.10 with PID 9768 (C:\Users\Mallika Kotyada\Downloads\userdetails\userdetails\target\classes started by Mallika Kotyada in C:\Users\Mallika Kotyada\Downloads\userdetails)-
userdetails.UserDetailsApplication-[DEBUG]- 2024-03-29 10:43:39,611-Running with Spring Boot v3.2.3, Spring v6.1.4-
userdetails.UserDetailsApplication-[INFO]- 2024-03-29 10:43:39,611-No active profile set, falling back to 1 default profile: "default"-
org.springframework.boot.devtools.env.DevToolsPropertyDefaultsPostProcessor-[INFO]- 2024-03-29 10:43:39,711-Devtools property defaults active! Set 'spring.devtools.add-properties' to 'false' to disable-
org.springframework.boot.devtools.env.DevToolsPropertyDefaultsPostProcessor-[INFO]- 2024-03-29 10:43:39,711-For additional web related logging consider setting the 'logging.level.web' property to 'DEBUG'-
org.springframework.data.repository.config.RepositoryConfigurationDelegate-[INFO]- 2024-03-29 10:43:41,134-Multiple Spring Data modules found, entering strict repository configuration mode-
org.springframework.data.repository.config.RepositoryConfigurationDelegate-[INFO]- 2024-03-29 10:43:41,136-Bootstrapping Spring Data JDBC repositories in DEFAULT mode.-
org.springframework.data.repository.config.RepositoryConfigurationExtensionSupport-[INFO]- 2024-03-29 10:43:41,182-Spring Data JDBC - Could not safely identify store assignment for repository candidate interface userdetails.Repos.RoleRepo; If you want this repository to be a JDBC repository, consider annotating your entities with one of these annotations: org.springframework.data.relational.core.mapping.Table.-
org.springframework.data.repository.config.RepositoryConfigurationExtensionSupport-[INFO]- 2024-03-29 10:43:41,189-Spring Data JDBC - Could not safely identify store assignment for repository candidate interface userdetails.Repos.UserRepo; If you want this repository to be a JDBC repository, consider annotating your entities with one of these annotations: org.springframework.data.relational.core.mapping.Table.-
org.springframework.data.repository.config.RepositoryConfigurationDelegate-[INFO]- 2024-03-29 10:43:41,191-Finished Spring Data repository scanning in 45 ms. Found 0 JDBC repository interfaces.-
org.springframework.data.repository.config.RepositoryConfigurationDelegate-[INFO]- 2024-03-29 10:43:41,213-Multiple Spring Data modules found, entering strict repository configuration mode-
org.springframework.data.repository.config.RepositoryConfigurationDelegate-[INFO]- 2024-03-29 10:43:41,221-Bootstrapping Spring Data JPA repositories in DEFAULT mode.-
org.springframework.data.repository.config.RepositoryConfigurationDelegate-[INFO]- 2024-03-29 10:43:41,273-Finished Spring Data repository scanning in 46 ms. Found 2 JPA repository interfaces.-
org.springframework.boot.web.embedded.tomcat.TomcatWebServer-[INFO]- 2024-03-29 10:43:42,253-Tomcat initialized with port 2222 (http)-
org.apache.catalina.core.StandardService-[INFO]- 2024-03-29 10:43:42,275-Starting service [Tomcat]-
org.apache.catalina.core.StandardEngine-[INFO]- 2024-03-29 10:43:42,275-Starting Servlet engine: [Apache Tomcat/10.1.19]-
org.apache.catalina.core.ContainerBase.[Tomcat].[localhost].[/]-[INFO]- 2024-03-29 10:43:42,355-Initializing Spring embedded WebApplicationContext-
org.springframework.boot.web.servlet.context.ServletWebServerApplicationContext-[INFO]- 2024-03-29 10:43:42,358-Root WebApplicationContext: initialization completed in 2647 ms-
com.zaxxer.hikari.HikariDataSource-[INFO]- 2024-03-29 10:43:42,424-HikariPool-1 - Starting...-
com.zaxxer.hikari.pool.HikariPool-[INFO]- 2024-03-29 10:43:42,799-HikariPool-1 - Added connection conn0: url=jdbc:h2:mem:lms user=SA-
com.zaxxer.hikari.HikariDataSource-[INFO]- 2024-03-29 10:43:42,801-HikariPool-1 - Start completed.-
org.springframework.boot.autoconfigure.h2.H2ConsoleAutoConfiguration-[INFO]- 2024-03-29 10:43:42,832-H2 console available at '/h2-console'. Database available at 'jdbc:h2:mem:lms'-
org.hibernate.jpa.internal.util.LogHelper-[INFO]- 2024-03-29 10:43:43,292-HHH000204: Processing PersistenceUnitInfo [name: default]-
org.hibernate.Version-[INFO]- 2024-03-29 10:43:43,436-HHH000412: Hibernate ORM core version 6.4.4.Final-
org.hibernate.cache.internal.RegionFactoryInitiator-[INFO]- 2024-03-29 10:43:43,532-HHH000026: Second-level cache disabled-
org.springframework.orm.jpa.persistenceunit.SpringPersistenceUnitInfo-[INFO]- 2024-03-29 10:43:44,042-No LoadTimeWeaver setup: ignoring JPA class transformer-
org.hibernate.dialect.Dialect-[WARN]- 2024-03-29 10:43:44,130-HHH000511: The 2.2.0 version for [org.hibernate.dialect.SQLServerDialect] is no longer supported, hence certain features may not work properly. The minimum supported version is 11.0.0. Check the community dialects project for available legacy versions.-
org.hibernate.orm.deprecation-[WARN]- 2024-03-29 10:43:44,137-HHH90000025: SQLServerDialect does not need to be specified explicitly using 'hibernate.dialect' (remove the property setting and it will be selected by default)-
org.hibernate.engine.transaction.jta.platform.internal.JtaPlatformInitiator-[INFO]- 2024-03-29 10:43:45,424-HHH000489: No JTA platform available (set 'hibernate.transaction.jta.platform' to enable JTA platform integration)-
org.hibernate.tool.schema.internal.ExceptionHandlerLoggedImpl-[WARN]- 2024-03-29 10:43:45,473-GenerationTarget encountered exception accepting command : Error executing DDL "
    alter table roles 
       add constraint FKb3b5sm6dr1lvgl2xjtvnavnyb 
       foreign key (userid) 
       references users" via JDBC [Column "USERID" not found;]-
org.hibernate.tool.schema.spi.CommandAcceptanceException: Error executing DDL "
    alter table roles 
       add constraint FKb3b5sm6dr1lvgl2xjtvnavnyb 
       foreign key (userid) 
       references users" via JDBC [Column "USERID" not found;]
	at org.hibernate.tool.schema.internal.exec.GenerationTargetToDatabase.accept(GenerationTargetToDatabase.java:94)
	at org.hibernate.tool.schema.internal.AbstractSchemaMigrator.applySqlString(AbstractSchemaMigrator.java:574)
	at org.hibernate.tool.schema.internal.AbstractSchemaMigrator.applySqlStrings(AbstractSchemaMigrator.java:514)
	at org.hibernate.tool.schema.internal.AbstractSchemaMigrator.applyForeignKeys(AbstractSchemaMigrator.java:446)
	at org.hibernate.tool.schema.internal.AbstractSchemaMigrator.performMigration(AbstractSchemaMigrator.java:268)
	at org.hibernate.tool.schema.internal.AbstractSchemaMigrator.doMigration(AbstractSchemaMigrator.java:117)
	at org.hibernate.tool.schema.spi.SchemaManagementToolCoordinator.performDatabaseAction(SchemaManagementToolCoordinator.java:286)
	at org.hibernate.tool.schema.spi.SchemaManagementToolCoordinator.lambda$process$5(SchemaManagementToolCoordinator.java:145)
	at java.base/java.util.HashMap.forEach(Unknown Source)
	at org.hibernate.tool.schema.spi.SchemaManagementToolCoordinator.process(SchemaManagementToolCoordinator.java:142)
	at org.hibernate.boot.internal.SessionFactoryObserverForSchemaExport.sessionFactoryCreated(SessionFactoryObserverForSchemaExport.java:37)
	at org.hibernate.internal.SessionFactoryObserverChain.sessionFactoryCreated(SessionFactoryObserverChain.java:35)
	at org.hibernate.internal.SessionFactoryImpl.<init>(SessionFactoryImpl.java:315)
	at org.hibernate.boot.internal.SessionFactoryBuilderImpl.build(SessionFactoryBuilderImpl.java:450)
	at org.hibernate.jpa.boot.internal.EntityManagerFactoryBuilderImpl.build(EntityManagerFactoryBuilderImpl.java:1507)
	at org.springframework.orm.jpa.vendor.SpringHibernateJpaPersistenceProvider.createContainerEntityManagerFactory(SpringHibernateJpaPersistenceProvider.java:75)
	at org.springframework.orm.jpa.LocalContainerEntityManagerFactoryBean.createNativeEntityManagerFactory(LocalContainerEntityManagerFactoryBean.java:388)
	at org.springframework.orm.jpa.AbstractEntityManagerFactoryBean.buildNativeEntityManagerFactory(AbstractEntityManagerFactoryBean.java:409)
	at org.springframework.orm.jpa.AbstractEntityManagerFactoryBean.afterPropertiesSet(AbstractEntityManagerFactoryBean.java:396)
	at org.springframework.orm.jpa.LocalContainerEntityManagerFactoryBean.afterPropertiesSet(LocalContainerEntityManagerFactoryBean.java:364)
	at org.springframework.beans.factory.support.AbstractAutowireCapableBeanFactory.invokeInitMethods(AbstractAutowireCapableBeanFactory.java:1833)
	at org.springframework.beans.factory.support.AbstractAutowireCapableBeanFactory.initializeBean(AbstractAutowireCapableBeanFactory.java:1782)
	at org.springframework.beans.factory.support.AbstractAutowireCapableBeanFactory.doCreateBean(AbstractAutowireCapableBeanFactory.java:600)
	at org.springframework.beans.factory.support.AbstractAutowireCapableBeanFactory.createBean(AbstractAutowireCapableBeanFactory.java:522)
	at org.springframework.beans.factory.support.AbstractBeanFactory.lambda$doGetBean$0(AbstractBeanFactory.java:325)
	at org.springframework.beans.factory.support.DefaultSingletonBeanRegistry.getSingleton(DefaultSingletonBeanRegistry.java:234)
	at org.springframework.beans.factory.support.AbstractBeanFactory.doGetBean(AbstractBeanFactory.java:323)
	at org.springframework.beans.factory.support.AbstractBeanFactory.getBean(AbstractBeanFactory.java:199)
	at org.springframework.context.support.AbstractApplicationContext.getBean(AbstractApplicationContext.java:1231)
	at org.springframework.context.support.AbstractApplicationContext.finishBeanFactoryInitialization(AbstractApplicationContext.java:949)
	at org.springframework.context.support.AbstractApplicationContext.refresh(AbstractApplicationContext.java:624)
	at org.springframework.boot.web.servlet.context.ServletWebServerApplicationContext.refresh(ServletWebServerApplicationContext.java:146)
	at org.springframework.boot.SpringApplication.refresh(SpringApplication.java:754)
	at org.springframework.boot.SpringApplication.refreshContext(SpringApplication.java:456)
	at org.springframework.boot.SpringApplication.run(SpringApplication.java:334)
	at org.springframework.boot.SpringApplication.run(SpringApplication.java:1354)
	at org.springframework.boot.SpringApplication.run(SpringApplication.java:1343)
	at userdetails.UserDetailsApplication.main(UserDetailsApplication.java:28)
	at java.base/jdk.internal.reflect.NativeMethodAccessorImpl.invoke0(Native Method)
	at java.base/jdk.internal.reflect.NativeMethodAccessorImpl.invoke(Unknown Source)
	at java.base/jdk.internal.reflect.DelegatingMethodAccessorImpl.invoke(Unknown Source)
	at java.base/java.lang.reflect.Method.invoke(Unknown Source)
	at org.springframework.boot.devtools.restart.RestartLauncher.run(RestartLauncher.java:50)
Caused by: org.h2.jdbc.JdbcSQLSyntaxErrorException: Column "USERID" not found; SQL statement:

    alter table roles 
       add constraint FKb3b5sm6dr1lvgl2xjtvnavnyb 
       foreign key (userid) 
       references [42122-224]
	at org.h2.message.DbException.getJdbcSQLException(DbException.java:514)
	at org.h2.message.DbException.getJdbcSQLException(DbException.java:489)
	at org.h2.message.DbException.get(DbException.java:223)
	at org.h2.message.DbException.get(DbException.java:199)
	at org.h2.table.Table.getColumn(Table.java:759)
	at org.h2.table.IndexColumn.mapColumns(IndexColumn.java:184)
	at org.h2.command.ddl.AlterTableAddConstraint.tryUpdate(AlterTableAddConstraint.java:215)
	at org.h2.command.ddl.AlterTableAddConstraint.update(AlterTableAddConstraint.java:74)
	at org.h2.command.ddl.AlterTable.update(AlterTable.java:46)
	at org.h2.command.CommandContainer.update(CommandContainer.java:169)
	at org.h2.command.Command.executeUpdate(Command.java:256)
	at org.h2.jdbc.JdbcStatement.executeInternal(JdbcStatement.java:262)
	at org.h2.jdbc.JdbcStatement.execute(JdbcStatement.java:231)
	at com.zaxxer.hikari.pool.ProxyStatement.execute(ProxyStatement.java:94)
	at com.zaxxer.hikari.pool.HikariProxyStatement.execute(HikariProxyStatement.java)
	at org.hibernate.tool.schema.internal.exec.GenerationTargetToDatabase.accept(GenerationTargetToDatabase.java:80)
	... 42 common frames omitted
org.springframework.orm.jpa.LocalContainerEntityManagerFactoryBean-[INFO]- 2024-03-29 10:43:45,496-Initialized JPA EntityManagerFactory for persistence unit 'default'-
org.springframework.boot.autoconfigure.orm.jpa.JpaBaseConfiguration$JpaWebConfiguration-[WARN]- 2024-03-29 10:43:45,974-spring.jpa.open-in-view is enabled by default. Therefore, database queries may be performed during view rendering. Explicitly configure spring.jpa.open-in-view to disable this warning-
org.springframework.boot.devtools.autoconfigure.OptionalLiveReloadServer-[INFO]- 2024-03-29 10:43:46,764-LiveReload server is running on port 35729-
org.springframework.boot.web.embedded.tomcat.TomcatWebServer-[INFO]- 2024-03-29 10:43:46,823-Tomcat started on port 2222 (http) with context path ''-
userdetails.UserDetailsApplication-[INFO]- 2024-03-29 10:43:46,840-Started UserDetailsApplication in 7.815 seconds (process running for 8.416)-
org.apache.catalina.core.ContainerBase.[Tomcat].[localhost].[/]-[INFO]- 2024-03-29 10:44:16,020-Initializing Spring DispatcherServlet 'dispatcherServlet'-
com.zaxxer.hikari.pool.HikariPool-[WARN]- 2024-03-29 10:58:30,506-HikariPool-1 - Thread starvation or clock leap detected (housekeeper delta=1m47s280ms64µs500ns).-
